sample.interval=20000
"ls" "apropos" "normalCompletions" "utils:::.completeToken" "doTryCatch" "tryCatchOne" "tryCatchList" "tryCatch" "base::eval" "base::eval" 
"tryCatchOne" "tryCatchList" "tryCatch" "base::eval" "base::eval" 
"tryCatchOne" "tryCatchList" "tryCatch" "base::eval" "base::eval" 
"sub" ".rmpkg" "data.frame" ".S3methods" "methods" "doTryCatch" "tryCatchOne" "tryCatchList" "doTryCatch" "tryCatchOne" "tryCatchList" "tryCatch" "functionArgs" "utils:::.completeToken" "doTryCatch" "tryCatchOne" "tryCatchList" "tryCatch" "base::eval" "base::eval" 
"FUN" "lapply" ".S3methods" "methods" "doTryCatch" "tryCatchOne" "tryCatchList" "doTryCatch" "tryCatchOne" "tryCatchList" "tryCatch" "functionArgs" "utils:::.completeToken" "doTryCatch" "tryCatchOne" "tryCatchList" "tryCatch" "base::eval" "base::eval" 
"ls" "%in%" "find" "getAnywhere" "<Anonymous>" "do.call" "FUN" "lapply" "unlist" "unique" "functionArgs" "utils:::.completeToken" "doTryCatch" "tryCatchOne" "tryCatchList" "tryCatch" "base::eval" "base::eval" 
"FUN" "lapply" ".S3methods" "methods" "doTryCatch" "tryCatchOne" "tryCatchList" "doTryCatch" "tryCatchOne" "tryCatchList" "tryCatch" "functionArgs" "utils:::.completeToken" "doTryCatch" "tryCatchOne" "tryCatchList" "tryCatch" "base::eval" "base::eval" 
"sys.function" "S7::new_object" "trial_structure" "biomkrAccrual" 
"rowSums" "cbind" "FUN" "lapply" "get_array_prevalence" "<Anonymous>" "@.S7_object" "@" "is.data.frame" "colSums" "method(week_accrue, list(biomkrAccrual::accrual, biomkrAccrual::trial_structure))" ".External2" "S7::S7_dispatch" "week_accrue" "method(accrue_week, list(biomkrAccrual::accrual, biomkrAccrual::trial_structure))" ".External2" "S7::S7_dispatch" "accrue_week" "biomkrAccrual" 
"@.S7_object" "@" "is.data.frame" "colSums" "method(week_accrue, list(biomkrAccrual::accrual, biomkrAccrual::trial_structure))" ".External2" "S7::S7_dispatch" "week_accrue" "method(accrue_week, list(biomkrAccrual::accrual, biomkrAccrual::trial_structure))" ".External2" "S7::S7_dispatch" "accrue_week" "biomkrAccrual" 
"@.S7_object" "@" "validator" "class_validate" "<Anonymous>" "@<-.S7_object" "@<-" "method(remove_treat_arms, biomkrAccrual::trial_structure)" ".External2" "S7::S7_dispatch" "remove_treat_arms" "method(apply_arm_cap, list(biomkrAccrual::accrual, biomkrAccrual::trial_structure))" ".External2" "S7::S7_dispatch" "apply_arm_cap" "method(accrue_week, list(biomkrAccrual::accrual, biomkrAccrual::trial_structure))" ".External2" "S7::S7_dispatch" "accrue_week" "biomkrAccrual" 
"get_matrix_struct" "<Anonymous>" "@.S7_object" "@" "ncol" "get_array_prevalence" "<Anonymous>" "@.S7_object" "@" "is.data.frame" "colSums" "method(week_accrue, list(biomkrAccrual::accrual, biomkrAccrual::trial_structure))" ".External2" "S7::S7_dispatch" "week_accrue" "method(accrue_week, list(biomkrAccrual::accrual, biomkrAccrual::trial_structure))" ".External2" "S7::S7_dispatch" "accrue_week" "biomkrAccrual" 
"all.equal.numeric" "all.equal" "isTRUE" "FUN" "lapply" "sapply" "ifelse" "get_array_prevalence" "<Anonymous>" "@.S7_object" "@" "is.data.frame" "colSums" "method(week_accrue, list(biomkrAccrual::accrual, biomkrAccrual::trial_structure))" ".External2" "S7::S7_dispatch" "week_accrue" "method(accrue_week, list(biomkrAccrual::accrual, biomkrAccrual::trial_structure))" ".External2" "S7::S7_dispatch" "accrue_week" "biomkrAccrual" 
"rowSums" "cbind" "FUN" "lapply" "get_array_prevalence" "<Anonymous>" "@.S7_object" "@" "is.data.frame" "colSums" "method(week_accrue, list(biomkrAccrual::accrual, biomkrAccrual::trial_structure))" ".External2" "S7::S7_dispatch" "week_accrue" "method(accrue_week, list(biomkrAccrual::accrual, biomkrAccrual::trial_structure))" ".External2" "S7::S7_dispatch" "accrue_week" "biomkrAccrual" 
"@" "class_validate" "<Anonymous>" "@<-.S7_object" "@<-" "method(apply_arm_cap, list(biomkrAccrual::accrual, biomkrAccrual::trial_structure))" ".External2" "S7::S7_dispatch" "apply_arm_cap" "method(accrue_week, list(biomkrAccrual::accrual, biomkrAccrual::trial_structure))" ".External2" "S7::S7_dispatch" "accrue_week" "biomkrAccrual" 
"rowSums" "treat_sums.array" "treat_sums" "treat_sums.biomkrAccrual::accrual" "treat_sums" "method(apply_arm_cap, list(biomkrAccrual::accrual, biomkrAccrual::trial_structure))" ".External2" "S7::S7_dispatch" "apply_arm_cap" "method(accrue_week, list(biomkrAccrual::accrual, biomkrAccrual::trial_structure))" ".External2" "S7::S7_dispatch" "accrue_week" "biomkrAccrual" 
"structure" "new_quosures" "arg_enquos" "ggplot2::aes" "ggplot.default" "ggplot2::ggplot" "plot.accrualplotdata" "plot" "plot.biomkrAccrual::accrual" "plot" "biomkrAccrual" 
".Call" "f" "png_dev" "dev" "ggplot2::ggsave" "biomkrAccrual" 
"$" "FUN" "lapply" "map_position" "layout$map_position" "ggplot_build.ggplot" "ggplot_build" "print.ggplot" "print" "grid.draw.ggplot" "grid.draw" "ggplot2::ggsave" "biomkrAccrual" 
"cb$putcode" "h" "tryInline" "cmpCall" "cmp" "genCode" "h" "tryInline" "cmpCall" "cmp" "genCode" "cb$putconst" "cmpCallArgs" "cmpCallSymFun" "cmpCall" "cmp" "cmpSymbolAssign" "h" "tryInline" "cmpCall" "cmp" "h" "tryInline" "cmpCall" "cmp" "genCode" "cmpfun" "doTryCatch" "tryCatchOne" "tryCatchList" "tryCatch" "compiler:::tryCmpfun" "draw_panel" "self$draw_panel" ".External2" "inject" "FUN" "lapply" "draw_layer" "<Anonymous>" "draw_geom" "l$draw_geom" "f" "withCallingHandlers" "doTryCatch" "tryCatchOne" "tryCatchList" "tryCatch" ".External" "try_fetch" "by_layer" "ggplot_gtable.ggplot_built" "ggplot_gtable" "print.ggplot" "print" "grid.draw.ggplot" "grid.draw" "ggplot2::ggsave" "biomkrAccrual" 
"as.factor" "interaction" "stats::ave" "draw_panel" "self$draw_panel" ".External2" "inject" "FUN" "lapply" "draw_layer" "<Anonymous>" "draw_geom" "l$draw_geom" "f" "withCallingHandlers" "doTryCatch" "tryCatchOne" "tryCatchList" "tryCatch" ".External" "try_fetch" "by_layer" "ggplot_gtable.ggplot_built" "ggplot_gtable" "print.ggplot" "print" "grid.draw.ggplot" "grid.draw" "ggplot2::ggsave" "biomkrAccrual" 
"$" "resolveVJust" "grid.Call" "widthDetails.text" "widthDetails" "<Anonymous>" "grid.Call" "convertUnit" "convertWidth" "width_cm" "add_title" "self$add_title" "assemble_drawing" "self$assemble_drawing" "draw" "<Anonymous>" "draw" "self$draw" "assemble" "<Anonymous>" "ggplot_gtable.ggplot_built" "ggplot_gtable" "print.ggplot" "print" "grid.draw.ggplot" "grid.draw" "ggplot2::ggsave" "biomkrAccrual" 
"grid.Call.graphics" "drawDetails.rect" "drawDetails" "drawGrob" "recordGraphics" "grid.draw.grob" "grid.draw" "drawGTree" "recordGraphics" "grid.draw.gTree" "grid.draw" "drawGTree" "recordGraphics" "grid.draw.gTree" "grid.draw" "drawGTree" "recordGraphics" "grid.draw.gTree" "grid.draw" "drawGTree" "recordGraphics" "grid.draw.gTree" "grid.draw" "print.ggplot" "print" "grid.draw.ggplot" "grid.draw" "ggplot2::ggsave" "biomkrAccrual" 
"is.na" "validGP" "set.gpar" "push.vp.viewport" "FUN" "lapply" "pushViewport" "pushgrobvp.viewport" "pushgrobvp" "pushvpgp" "preDraw.gTree" "preDraw" "drawGTree" "recordGraphics" "grid.draw.gTree" "grid.draw" "drawGTree" "recordGraphics" "grid.draw.gTree" "grid.draw" "drawGTree" "recordGraphics" "grid.draw.gTree" "NextMethod" "grid.draw.absoluteGrob" "grid.draw" "drawGTree" "recordGraphics" "grid.draw.gTree" "grid.draw" "drawGTree" "recordGraphics" "grid.draw.gTree" "grid.draw" "print.ggplot" "print" "grid.draw.ggplot" "grid.draw" "ggplot2::ggsave" "biomkrAccrual" 
".External" "grDevices::dev.off" "...elt" "withVisible" "utils::capture.output" "ggplot2::ggsave" "biomkrAccrual" 
".External" "grDevices::dev.off" "...elt" "withVisible" "utils::capture.output" "ggplot2::ggsave" "biomkrAccrual" 
".External" "grDevices::dev.off" "...elt" "withVisible" "utils::capture.output" "ggplot2::ggsave" "biomkrAccrual" 
".External" "grDevices::dev.off" "...elt" "withVisible" "utils::capture.output" "ggplot2::ggsave" "biomkrAccrual" 
".External" "grDevices::dev.off" "...elt" "withVisible" "utils::capture.output" "ggplot2::ggsave" "biomkrAccrual" 
".External" "grDevices::dev.off" "...elt" "withVisible" "utils::capture.output" "ggplot2::ggsave" "biomkrAccrual" 
".External" "grDevices::dev.off" "...elt" "withVisible" "utils::capture.output" "ggplot2::ggsave" "biomkrAccrual" 
".External" "grDevices::dev.off" "...elt" "withVisible" "utils::capture.output" "ggplot2::ggsave" "biomkrAccrual" 
".External" "grDevices::dev.off" "...elt" "withVisible" "utils::capture.output" "ggplot2::ggsave" "biomkrAccrual" 
".External" "grDevices::dev.off" "...elt" "withVisible" "utils::capture.output" "ggplot2::ggsave" "biomkrAccrual" 
".External" "grDevices::dev.off" "...elt" "withVisible" "utils::capture.output" "ggplot2::ggsave" "biomkrAccrual" 
".External" "grDevices::dev.off" "...elt" "withVisible" "utils::capture.output" "ggplot2::ggsave" "biomkrAccrual" 
".External" "grDevices::dev.off" "...elt" "withVisible" "utils::capture.output" "ggplot2::ggsave" "biomkrAccrual" 
".External" "grDevices::dev.off" "...elt" "withVisible" "utils::capture.output" "ggplot2::ggsave" "biomkrAccrual" 
"gsub" "camelize" "paste0" "check_subclass" "layer" "ggplot2::geom_tile" "plot.biomkrAccrual::trial_structure" "plot" "biomkrAccrual" 
".Call" "f" "png_dev" "dev" "ggplot2::ggsave" "biomkrAccrual" 
"[[" "FUN" "lapply" "FUN" "lapply" "scale_apply" "FUN" "lapply" "map_position" "layout$map_position" "ggplot_build.ggplot" "ggplot_build" "print.ggplot" "print" "grid.draw.ggplot" "grid.draw" "ggplot2::ggsave" "biomkrAccrual" 
"getFoldFun" "constantFoldCall" "constantFold" "cmp" "genCode" "cb$putconst" "cmpCallArgs" "cmpCallSymFun" "cmpCall" "cmp" "genCode" "cb$putconst" "cmpCallArgs" "cmpCallSymFun" "cmpCall" "cmp" "h" "tryInline" "cmpCall" "cmp" "h" "tryInline" "cmpCall" "cmp" "h" "tryInline" "cmpCall" "cmp" "genCode" "cmpfun" "doTryCatch" "tryCatchOne" "tryCatchList" "tryCatch" "compiler:::tryCmpfun" "draw_panel" "self$draw_panel" ".External2" "inject" "FUN" "lapply" "draw_layer" "<Anonymous>" "draw_geom" "l$draw_geom" "f" "withCallingHandlers" "doTryCatch" "tryCatchOne" "tryCatchList" "tryCatch" ".External" "try_fetch" "by_layer" "ggplot_gtable.ggplot_built" "ggplot_gtable" "print.ggplot" "print" "grid.draw.ggplot" "grid.draw" "ggplot2::ggsave" "biomkrAccrual" 
"ifelse" "gtable_add_rows" "gtable_add_padding" "assemble_drawing" "self$assemble_drawing" "draw" "<Anonymous>" "draw" "self$draw" "assemble" "<Anonymous>" "ggplot_gtable.ggplot_built" "ggplot_gtable" "print.ggplot" "print" "grid.draw.ggplot" "grid.draw" "ggplot2::ggsave" "biomkrAccrual" 
"grid.Call.graphics" "drawDetails.rect" "drawDetails" "drawGrob" "recordGraphics" "grid.draw.grob" "grid.draw" "drawGTree" "recordGraphics" "grid.draw.gTree" "grid.draw" "drawGTree" "recordGraphics" "grid.draw.gTree" "grid.draw" "drawGTree" "recordGraphics" "grid.draw.gTree" "grid.draw" "print.ggplot" "print" "grid.draw.ggplot" "grid.draw" "ggplot2::ggsave" "biomkrAccrual" 
".External" "grDevices::dev.off" "...elt" "withVisible" "utils::capture.output" "ggplot2::ggsave" "biomkrAccrual" 
".External" "grDevices::dev.off" "...elt" "withVisible" "utils::capture.output" "ggplot2::ggsave" "biomkrAccrual" 
".External" "grDevices::dev.off" "...elt" "withVisible" "utils::capture.output" "ggplot2::ggsave" "biomkrAccrual" 
".External" "grDevices::dev.off" "...elt" "withVisible" "utils::capture.output" "ggplot2::ggsave" "biomkrAccrual" 
".External" "grDevices::dev.off" "...elt" "withVisible" "utils::capture.output" "ggplot2::ggsave" "biomkrAccrual" 
".External" "grDevices::dev.off" "...elt" "withVisible" "utils::capture.output" "ggplot2::ggsave" "biomkrAccrual" 
".External" "grDevices::dev.off" "...elt" "withVisible" "utils::capture.output" "ggplot2::ggsave" "biomkrAccrual" 
".External" "grDevices::dev.off" "...elt" "withVisible" "utils::capture.output" "ggplot2::ggsave" "biomkrAccrual" 
".External" "grDevices::dev.off" "...elt" "withVisible" "utils::capture.output" "ggplot2::ggsave" "biomkrAccrual" 
".External" "grDevices::dev.off" "...elt" "withVisible" "utils::capture.output" "ggplot2::ggsave" "biomkrAccrual" 
".External" "grDevices::dev.off" "...elt" "withVisible" "utils::capture.output" "ggplot2::ggsave" "biomkrAccrual" 
".External" "grDevices::dev.off" "...elt" "withVisible" "utils::capture.output" "ggplot2::ggsave" "biomkrAccrual" 
".External" "grDevices::dev.off" "...elt" "withVisible" "utils::capture.output" "ggplot2::ggsave" "biomkrAccrual" 
".External" "grDevices::dev.off" "...elt" "withVisible" "utils::capture.output" "ggplot2::ggsave" "biomkrAccrual" 
"grep" "ls" "apropos" "normalCompletions" "utils:::.completeToken" "doTryCatch" "tryCatchOne" "tryCatchList" "tryCatch" "base::eval" "base::eval" 
"grep" "ls" "apropos" "normalCompletions" "utils:::.completeToken" "doTryCatch" "tryCatchOne" "tryCatchList" "tryCatch" "base::eval" "base::eval" 
"ls" "apropos" "normalCompletions" "utils:::.completeToken" "doTryCatch" "tryCatchOne" "tryCatchList" "tryCatch" "base::eval" "base::eval" 
"as.data.frame.integer" "as.data.frame" "data.frame" "inFunction" "utils:::.completeToken" "doTryCatch" "tryCatchOne" "tryCatchList" "tryCatch" "base::eval" "base::eval" 
"[" "inFunction" "utils:::.completeToken" "doTryCatch" "tryCatchOne" "tryCatchList" "tryCatch" "base::eval" "base::eval" 
"ls" "apropos" "normalCompletions" "utils:::.completeToken" "doTryCatch" "tryCatchOne" "tryCatchList" "tryCatch" "base::eval" "base::eval" 
"FUN" "lapply" ".S3methods" "methods" "doTryCatch" "tryCatchOne" "tryCatchList" "doTryCatch" "tryCatchOne" "tryCatchList" "tryCatch" "functionArgs" "utils:::.completeToken" "doTryCatch" "tryCatchOne" "tryCatchList" "tryCatch" "base::eval" "base::eval" 
"getAnywhere" "<Anonymous>" "do.call" "FUN" "lapply" "unlist" "unique" "functionArgs" "utils:::.completeToken" "doTryCatch" "tryCatchOne" "tryCatchList" "tryCatch" "base::eval" "base::eval" 
"FUN" "lapply" ".S3methods" "methods" "doTryCatch" "tryCatchOne" "tryCatchList" "doTryCatch" "tryCatchOne" "tryCatchList" "tryCatch" "functionArgs" "utils:::.completeToken" "doTryCatch" "tryCatchOne" "tryCatchList" "tryCatch" "base::eval" "base::eval" 
"ls" "apropos" "normalCompletions" "utils:::.completeToken" "doTryCatch" "tryCatchOne" "tryCatchList" "tryCatch" "base::eval" "base::eval" 
